SF:lib\repositories\todo\models\task_model.dart
DA:11,1
DA:29,3
DA:33,2
DA:34,1
DA:35,1
DA:36,1
DA:37,2
DA:38,1
DA:39,1
DA:40,2
DA:43,2
DA:47,1
DA:50,1
LF:13
LH:13
end_of_record
SF:lib\repositories\todo\todo_repository.dart
DA:15,1
DA:18,1
DA:19,1
DA:21,1
DA:26,2
DA:27,1
DA:28,2
DA:32,1
DA:33,3
DA:34,1
DA:35,1
DA:36,1
DA:37,1
DA:42,2
DA:43,1
DA:45,2
DA:46,1
DA:47,1
DA:48,0
DA:53,1
DA:54,3
DA:55,1
DA:56,1
DA:57,1
DA:61,2
DA:64,1
DA:65,3
DA:66,1
DA:67,1
DA:68,1
DA:72,2
DA:73,1
DA:74,2
DA:77,1
DA:79,3
DA:80,1
DA:81,1
DA:82,1
DA:83,1
DA:90,2
DA:91,1
DA:92,2
DA:95,1
DA:101,3
DA:102,1
DA:103,1
DA:104,1
DA:106,1
DA:115,2
DA:116,1
DA:117,2
LF:51
LH:50
end_of_record
SF:lib\blocs\create_task\states.dart
DA:7,1
DA:8,1
DA:12,1
DA:13,1
DA:17,1
DA:18,1
DA:21,0
DA:22,0
LF:8
LH:6
end_of_record
SF:lib\blocs\create_task\bloc.dart
DA:11,1
DA:13,2
DA:14,2
DA:15,2
DA:20,1
DA:24,2
DA:26,3
DA:27,4
DA:28,2
DA:30,2
DA:34,1
DA:38,2
DA:40,3
DA:41,2
DA:42,2
DA:43,2
DA:44,2
DA:45,2
DA:47,2
LF:19
LH:19
end_of_record
SF:lib\blocs\create_task\events.dart
DA:8,1
DA:9,0
DA:10,0
DA:15,1
DA:16,0
DA:17,0
LF:6
LH:2
end_of_record
SF:lib\blocs\delete_task\states.dart
DA:7,1
DA:8,1
DA:12,1
DA:13,1
DA:17,1
DA:18,1
DA:21,0
DA:22,0
LF:8
LH:6
end_of_record
SF:lib\blocs\delete_task\events.dart
DA:10,1
DA:11,0
DA:12,0
LF:3
LH:1
end_of_record
SF:lib\blocs\delete_task\bloc.dart
DA:11,1
DA:13,2
DA:14,2
DA:19,1
DA:23,2
DA:25,3
DA:26,1
DA:28,2
DA:30,2
LF:9
LH:9
end_of_record
SF:lib\blocs\tasks_list\bloc.dart
DA:11,1
DA:13,2
DA:14,2
DA:15,2
DA:20,1
DA:24,2
DA:26,3
DA:27,1
DA:28,2
DA:30,2
DA:33,0
DA:37,0
DA:40,0
DA:41,0
DA:43,0
DA:47,1
DA:48,1
DA:49,1
DA:50,1
DA:51,1
DA:52,1
DA:53,0
DA:55,1
DA:58,1
DA:59,1
LF:25
LH:19
end_of_record
SF:lib\blocs\tasks_list\events.dart
DA:7,0
DA:8,0
DA:13,0
DA:14,0
DA:15,0
LF:5
LH:0
end_of_record
SF:lib\blocs\tasks_list\states.dart
DA:10,1
DA:11,1
DA:15,1
DA:18,1
DA:19,2
DA:24,1
DA:25,1
LF:7
LH:7
end_of_record
SF:lib\blocs\toggle_completed\states.dart
DA:10,1
DA:11,1
DA:12,1
DA:17,1
DA:19,1
DA:20,1
DA:25,1
DA:26,1
DA:27,1
DA:31,0
DA:32,0
LF:11
LH:9
end_of_record
SF:lib\blocs\toggle_completed\bloc.dart
DA:11,1
DA:13,2
DA:14,2
DA:18,1
DA:22,4
DA:24,3
DA:25,2
DA:26,2
DA:27,2
DA:28,2
DA:30,4
DA:32,4
LF:12
LH:12
end_of_record
SF:lib\blocs\toggle_completed\events.dart
DA:8,1
DA:9,0
DA:10,0
LF:3
LH:1
end_of_record
SF:lib\utils\debug_print.dart
DA:6,1
DA:8,1
LF:2
LH:2
end_of_record
